五月 12, 2023 8:22:00 下午 de.learnlib.logging.LearnLogger logQuery
信息: [ε | c h a d g h / ε | c a z v m a]
五月 12, 2023 8:22:00 下午 de.learnlib.logging.LearnLogger logQuery
信息: [ε | g h / ε | m a]
五月 12, 2023 8:22:00 下午 de.learnlib.logging.LearnLogger logQuery
信息: [ε | d b e a / ε | v x b z]
五月 12, 2023 8:22:00 下午 de.learnlib.logging.LearnLogger logQuery
信息: [ε | f b h e a a f g g d / ε | n x a b z z n m m v]
五月 12, 2023 8:22:00 下午 de.learnlib.logging.LearnLogger logQuery
信息: [ε | c d h c e h f e c / ε | c v a c b a n b c]
五月 12, 2023 8:22:00 下午 de.learnlib.logging.LearnLogger logQuery
信息: [ε | g a / ε | m z]
五月 12, 2023 8:22:00 下午 de.learnlib.logging.LearnLogger logQuery
信息: [ε | e b g e b b b f h f / ε | b x m b x x x n a n]
五月 12, 2023 8:22:00 下午 de.learnlib.logging.LearnLogger logQuery
信息: [ε | f e a e f b f g a f / ε | n b z b n x n m z n]
五月 12, 2023 8:22:00 下午 de.learnlib.logging.LearnLogger logQuery
信息: [ε | g a a g a a a g h / ε | m z z m z z z m a]
五月 12, 2023 8:22:00 下午 de.learnlib.logging.LearnLogger logQuery
信息: [ε | c g e a / ε | c m b z]
五月 12, 2023 8:22:00 下午 de.learnlib.logging.LearnLogger logQuery
信息: [ε | b b h a c b / ε | x x a z c x]
五月 12, 2023 8:22:00 下午 de.learnlib.logging.LearnLogger logQuery
信息: [ε | a c d d d d c g g / ε | z c v v v v c m m]
五月 12, 2023 8:22:00 下午 de.learnlib.logging.LearnLogger logQuery
信息: [ε | g e c h f e h d d d / ε | m b c a n b a v v v]
五月 12, 2023 8:22:00 下午 de.learnlib.logging.LearnLogger logQuery
信息: [ε | f b / ε | n x]
五月 12, 2023 8:22:00 下午 de.learnlib.logging.LearnLogger logQuery
信息: [ε | b d e / ε | x v b]
五月 12, 2023 8:22:00 下午 de.learnlib.logging.LearnLogger logQuery
信息: [ε | a b b c f h e b a c / ε | z x x c n a b x z c]
五月 12, 2023 8:22:00 下午 de.learnlib.logging.LearnLogger logQuery
信息: [ε | e e g / ε | b b m]
五月 12, 2023 8:22:00 下午 de.learnlib.logging.LearnLogger logQuery
信息: [ε | h h b a / ε | a a x z]
五月 12, 2023 8:22:00 下午 de.learnlib.logging.LearnLogger logQuery
信息: [ε | d g d h g f c f f / ε | v m v a m n c n n]
五月 12, 2023 8:22:00 下午 de.learnlib.logging.LearnLogger logQuery
信息: [ε | f d f e e h / ε | n v n b b a]
五月 12, 2023 8:22:00 下午 de.learnlib.logging.LearnLogger logQuery
信息: [ε | f h e c e f h b a / ε | n a b c b n a x z]
五月 12, 2023 8:22:00 下午 de.learnlib.logging.LearnLogger logQuery
信息: [ε | c h h c d f f c h f / ε | c a a c v n n c a n]
五月 12, 2023 8:22:00 下午 de.learnlib.logging.LearnLogger logQuery
信息: [ε | g h e d a / ε | m a b v z]
五月 12, 2023 8:22:00 下午 de.learnlib.logging.LearnLogger logQuery
信息: [ε | e h b a a h e e d / ε | b a x z z a b b v]
五月 12, 2023 8:22:00 下午 de.learnlib.logging.LearnLogger logQuery
信息: [ε | g a e / ε | m z b]
五月 12, 2023 8:22:00 下午 de.learnlib.logging.LearnLogger logQuery
信息: [ε | h g h / ε | a m a]
五月 12, 2023 8:22:00 下午 de.learnlib.logging.LearnLogger logQuery
信息: [ε | c e c h d a f g g h / ε | c b c a v z n m m a]
五月 12, 2023 8:22:00 下午 de.learnlib.logging.LearnLogger logQuery
信息: [ε | c c / ε | c c]
五月 12, 2023 8:22:00 下午 de.learnlib.logging.LearnLogger logQuery
信息: [ε | c f h g f b a g b / ε | c n a m n x z m x]
五月 12, 2023 8:22:00 下午 de.learnlib.logging.LearnLogger logQuery
信息: [ε | c a h a h / ε | c z a z a]
五月 12, 2023 8:22:00 下午 de.learnlib.logging.LearnLogger logQuery
信息: [ε | e b / ε | b x]
五月 12, 2023 8:22:00 下午 de.learnlib.logging.LearnLogger logQuery
信息: [ε | d e d h h / ε | v b v a a]
五月 12, 2023 8:22:00 下午 de.learnlib.logging.LearnLogger logQuery
信息: [ε | e c h a h e h / ε | b c a z a b a]
五月 12, 2023 8:22:00 下午 de.learnlib.logging.LearnLogger logQuery
信息: [ε | g b e e c e h d a / ε | m x b b c b a v z]
五月 12, 2023 8:22:00 下午 de.learnlib.logging.LearnLogger logQuery
信息: [ε | e g g d f c d f h d / ε | b m m v n c v n a v]
五月 12, 2023 8:22:00 下午 de.learnlib.logging.LearnLogger logQuery
信息: [ε | f d g b b c h f b / ε | n v m x x c a n x]
五月 12, 2023 8:22:00 下午 de.learnlib.logging.LearnLogger logQuery
信息: [ε | c g b / ε | c m x]
五月 12, 2023 8:22:00 下午 de.learnlib.logging.LearnLogger logQuery
信息: [ε | a b f e c / ε | z x n b c]
五月 12, 2023 8:22:00 下午 de.learnlib.logging.LearnLogger logQuery
信息: [ε | a c d g b e / ε | z c v m x b]
五月 12, 2023 8:22:00 下午 de.learnlib.logging.LearnLogger logQuery
信息: [ε | g e f e h a d e / ε | m b n b a z v b]
五月 12, 2023 8:22:00 下午 de.learnlib.logging.LearnLogger logQuery
信息: [ε | f d b c d a d / ε | n v x c v z v]
五月 12, 2023 8:22:00 下午 de.learnlib.logging.LearnLogger logQuery
信息: [ε | a g e / ε | z m b]
五月 12, 2023 8:22:00 下午 de.learnlib.logging.LearnLogger logQuery
信息: [ε | b e b g f f g c a / ε | x b x m n n m c z]
五月 12, 2023 8:22:00 下午 de.learnlib.logging.LearnLogger logQuery
信息: [ε | e f c b g / ε | b n c x m]
五月 12, 2023 8:22:00 下午 de.learnlib.logging.LearnLogger logQuery
信息: [ε | d a a a / ε | v z z z]
五月 12, 2023 8:22:00 下午 de.learnlib.logging.LearnLogger logQuery
信息: [ε | d a e a h / ε | v z b z a]
五月 12, 2023 8:22:00 下午 de.learnlib.logging.LearnLogger logQuery
信息: [ε | b a a d a f g h b b / ε | x z z v z n m a x x]
五月 12, 2023 8:22:00 下午 de.learnlib.logging.LearnLogger logQuery
信息: [ε | d a / ε | v z]
五月 12, 2023 8:22:00 下午 de.learnlib.logging.LearnLogger logQuery
信息: [ε | a b e d b h a a / ε | z x b v x a z z]
五月 12, 2023 8:22:00 下午 de.learnlib.logging.LearnLogger logQuery
信息: [ε | d a c e d / ε | v z c b v]
