五月 09, 2023 9:13:12 下午 de.learnlib.logging.LearnLogger logQuery
信息: [ε | a / ε | z]
五月 09, 2023 9:13:12 下午 de.learnlib.logging.LearnLogger logQuery
信息: [ε | b / ε | x]
五月 09, 2023 9:13:12 下午 de.learnlib.logging.LearnLogger logQuery
信息: [ε | c / ε | c]
五月 09, 2023 9:13:12 下午 de.learnlib.logging.LearnLogger logQuery
信息: [a | a / z | z]
五月 09, 2023 9:13:12 下午 de.learnlib.logging.LearnLogger logQuery
信息: [a | b / z | x]
五月 09, 2023 9:13:12 下午 de.learnlib.logging.LearnLogger logQuery
信息: [a | c / z | c]
五月 09, 2023 9:13:12 下午 de.learnlib.logging.LearnLogger logQuery
信息: [b | a / x | z]
五月 09, 2023 9:13:12 下午 de.learnlib.logging.LearnLogger logQuery
信息: [b | b / x | x]
五月 09, 2023 9:13:12 下午 de.learnlib.logging.LearnLogger logQuery
信息: [b | c / x | c]
五月 09, 2023 9:13:12 下午 de.learnlib.logging.LearnLogger logQuery
信息: [c | a / c | z]
五月 09, 2023 9:13:12 下午 de.learnlib.logging.LearnLogger logQuery
信息: [c | b / c | x]
五月 09, 2023 9:13:12 下午 de.learnlib.logging.LearnLogger logQuery
信息: [c | c / c | c]
五月 09, 2023 9:13:12 下午 de.learnlib.logging.LearnLogger logQuery
信息: [ε | a / ε | z]
五月 09, 2023 9:13:12 下午 de.learnlib.logging.LearnLogger logQuery
信息: [ε | b / ε | x]
五月 09, 2023 9:13:12 下午 de.learnlib.logging.LearnLogger logQuery
信息: [ε | c / ε | c]
