五月 12, 2023 8:22:00 下午 org.example.Learner <init>
信息: 日志初始化
五月 12, 2023 8:22:00 下午 org.example.Learner learn
信息: Using learning algorithm ExtensibleLStarMealy
五月 12, 2023 8:22:00 下午 org.example.Learner learn
信息: Using equivalence algorithm MealyRandomWordsEQOracle
五月 12, 2023 8:22:00 下午 org.example.Learner learn
信息: Starting learning
五月 12, 2023 8:22:00 下午 de.learnlib.logging.LearnLogger logPhase
信息: Starting round 1
五月 12, 2023 8:22:00 下午 org.example.Learner learn
信息: while(learning)
五月 12, 2023 8:22:00 下午 org.example.Learner learn
信息: Searching for counter-example
五月 12, 2023 8:22:00 下午 org.example.Learner learn
信息: Searching for counter-example END
五月 12, 2023 8:22:00 下午 org.example.Learner learn
信息: counterExample == null
五月 12, 2023 8:22:00 下午 org.example.Learner learn
信息: -------------------------------------------------------
五月 12, 2023 8:22:00 下午 org.example.Learner learn
信息: Learning [ms]: 24, (0.024 s)
Searching for counter-example [ms]: 8, (0.008 s)
Total time [ms]: 65, (0.065 s)

五月 12, 2023 8:22:00 下午 org.example.Learner learn
信息: Rounds []: 1
五月 12, 2023 8:22:00 下午 org.example.Learner learn
信息: membership queries to SUL [queries]: 80
五月 12, 2023 8:22:00 下午 org.example.Learner learn
信息: membership queries to cache [queries]: 80
五月 12, 2023 8:22:00 下午 org.example.Learner learn
信息: equivalence queries to SUL [queries]: 50
五月 12, 2023 8:22:00 下午 org.example.Learner learn
信息: equivalence queries to cache [queries]: 50
五月 12, 2023 8:22:00 下午 org.example.Learner learn
信息: States in final hypothesis: 1
